Aletta_Jacobszaal_20160929130125
Aletta_Jacobszaal_20161207110108
Enquetezaal_20170123100234
groen_van_prinstererzaal_20160630180611
Groen_van_Prinstererzaal_20160906180658
Groen_van_Prinstererzaal_20160907100239
Groen_van_Prinstererzaal_20160907160226
Groen_van_Prinstererzaal_20160907190350
Groen_van_Prinstererzaal_20160908100130
Groen_van_Prinstererzaal_20160908143138
Groen_van_Prinstererzaal_20160914100311
Groen_van_Prinstererzaal_20160914133657
Groen_van_Prinstererzaal_20160914160454
Groen_van_Prinstererzaal_20160915140135
Groen_van_Prinstererzaal_20160928140344
Groen_van_Prinstererzaal_20160929100035
Groen_van_Prinstererzaal_20161005110302
Groen_van_Prinstererzaal_20161005150212
Groen_van_Prinstererzaal_20161006113027
Groen_van_Prinstererzaal_20161012100311
Groen_van_Prinstererzaal_20161012150141
Groen_van_Prinstererzaal_20161012171655
Groen_van_Prinstererzaal_20161026100212
Groen_van_Prinstererzaal_20161027100236
Groen_van_Prinstererzaal_20161027140405
Groen_van_Prinstererzaal_20161102100118
Groen_van_Prinstererzaal_20161107130411
Groen_van_Prinstererzaal_20161108163206
Groen_van_Prinstererzaal_20161109093341
Groen_van_Prinstererzaal_20161109104755
Groen_van_Prinstererzaal_20161110150138
Groen_van_Prinstererzaal_20161114100407
Groen_van_Prinstererzaal_20161117100606
Groen_van_Prinstererzaal_20161117150144
Groen_van_Prinstererzaal_20161121100336
Groen_van_Prinstererzaal_20161124160343
Groen_van_Prinstererzaal_20161205113225
Groen_van_Prinstererzaal_20161207140254
Groen_van_Prinstererzaal_20161207160142
Groen_van_Prinstererzaal_20161208140957
Groen_van_Prinstererzaal_20161212110253
Groen_van_Prinstererzaal_20161213170313
Groen_van_Prinstererzaal_20161215100428
Groen_van_Prinstererzaal_20161219110255
Groen_van_Prinstererzaal_20161221133343
Groen_van_Prinstererzaal_20161222100346
Groen_van_Prinstererzaal_20170118100619
Groen_van_Prinstererzaal_20170118150242
Groen_van_Prinstererzaal_20170119140350
Groen_van_Prinstererzaal_20170119183338
Groen_van_Prinstererzaal_20170123140250
Groen_van_Prinstererzaal_20170125133226
Groen_van_Prinstererzaal_20170126100327
Groen_van_Prinstererzaal_20170130110136
Groen_van_Prinstererzaal_20170131170544
Groen_van_Prinstererzaal_20170201140129
Groen_van_Prinstererzaal_20170202100139
Groen_van_Prinstererzaal_20170202140342
Groen_van_Prinstererzaal_20170208095903
Groen_van_Prinstererzaal_20170209100443
Groen_van_Prinstererzaal_20170209153023
Groen_van_Prinstererzaal_20170213140348
Groen_van_Prinstererzaal_20170214163343
Groen_van_Prinstererzaal_20170215100231
Groen_van_Prinstererzaal_20170215140151
Groen_van_Prinstererzaal_20170216100242
Groen_van_Prinstererzaal_20170222100112
Groen_van_Prinstererzaal_20170222143453
Groen_van_Prinstererzaal_20170223120056
Groen_van_Prinstererzaal_20170223140538
Groen_van_Prinstererzaal_20170419162123
Groen_van_Prinstererzaal_20170420130301
Groen_van_Prinstererzaal_20170509170723
Groen_van_Prinstererzaal_20170510120357
Groen_van_Prinstererzaal_20170510140352
Groen_van_Prinstererzaal_20170518141358
Groen_van_Prinstererzaal_20170524153310
Groen_van_Prinstererzaal_20170531100242
Groen_van_Prinstererzaal_20170531140115
Groen_van_Prinstererzaal_20170606160047
Groen_van_Prinstererzaal_20170607100045
Groen_van_Prinstererzaal_20170607120147
Groen_van_Prinstererzaal_20170608100411
Groen_van_Prinstererzaal_20170614093524
Groen_van_Prinstererzaal_20170615140207
Groen_van_Prinstererzaal_20170621100225
Groen_van_Prinstererzaal_20170622100037
Groen_van_Prinstererzaal_20170622133051
Groen_van_Prinstererzaal_20170628130036
Groen_van_Prinstererzaal_20170629141931
Groen_van_Prinstererzaal_20170905190327
Groen_van_Prinstererzaal_20170913100336
Groen_van_Prinstererzaal_20170913163446
Groen_van_Prinstererzaal_20170920140158
Groen_van_Prinstererzaal_20170928130152
Groen_van_Prinstererzaal_20171004100126
Groen_van_Prinstererzaal_20171004143158
Groen_van_Prinstererzaal_20171005150310
Groen_van_Prinstererzaal_20171030110600
Groen_van_Prinstererzaal_20171030123303
Klompezaal_20160929140248
Klompezaal_20161005133047
Klompezaal_20161012110039
Klompezaal_20161116100256
Klompezaal_20161117113358
Klompezaal_20161214103401
Klompezaal_20170215100410
Klompezaal_20170216140134
Klompezaal_20170222100248
Klompezaal_20170419140055
Klompezaal_20170510130027
Klompezaal_20170518130149
Klompezaal_20170607133153
Klompezaal_20170614100252
Klompezaal_20170615103137
Klompezaal_20170621130325
Klompezaal_20170628100145
Klompezaal_20171025100059
Plenaire_zaal_20160629140308_576p
Plenaire_zaal_20160906141416
Plenaire_zaal_20160906153409
Plenaire_zaal_20160906184838
Plenaire_zaal_20160907101529
Plenaire_zaal_20160907131332
Plenaire_zaal_20160907183155
Plenaire_zaal_20160908102417
Plenaire_zaal_20160908193112
Plenaire_zaal_20160913141659
Plenaire_zaal_20160913154507
Plenaire_zaal_20160914101659
Plenaire_zaal_20160914130202
Plenaire_zaal_20160914131741
Plenaire_zaal_20160914183236
Plenaire_zaal_20160915104732
Plenaire_zaal_20160915133555
Plenaire_zaal_20160915163414
Plenaire_zaal_20160915192957
Plenaire_zaal_20160921103425
Plenaire_zaal_20160921130535
Plenaire_zaal_20160922103433
Plenaire_zaal_20160927140043
Plenaire_zaal_20160927152842
Plenaire_zaal_20160927190218
Plenaire_zaal_20160928105646
Plenaire_zaal_20160928134100
Plenaire_zaal_20160928191814
Plenaire_zaal_20160929143003
Plenaire_zaal_20160929151840
Plenaire_zaal_20161004140039
Plenaire_zaal_20161004153537
Plenaire_zaal_20161004163359
Plenaire_zaal_20161005101708
Plenaire_zaal_20161005140625
Plenaire_zaal_20161006101721
Plenaire_zaal_20161006134508
Plenaire_zaal_20161006183311
Plenaire_zaal_20161011140050
Plenaire_zaal_20161011152636
Plenaire_zaal_20161011160141
Plenaire_zaal_20161011183356
Plenaire_zaal_20161012101757
Plenaire_zaal_20161012143203
Plenaire_zaal_20161012191622
Plenaire_zaal_20161013135628
Plenaire_zaal_20161013143553
Plenaire_zaal_20161013160852
Plenaire_zaal_20161013194646
Plenaire_zaal_20161025140041
Plenaire_zaal_20161025153001
Plenaire_zaal_20161025193324
Plenaire_zaal_20161026101630
Plenaire_zaal_20161026132918
Plenaire_zaal_20161026163251
Plenaire_zaal_20161026210809
Plenaire_zaal_20161027104944
Plenaire_zaal_20161027132931
Plenaire_zaal_20161101140127
Plenaire_zaal_20161101153224
Plenaire_zaal_20161102132159
Plenaire_zaal_20161102134238
Plenaire_zaal_20161102175553
Plenaire_zaal_20161102211107
Plenaire_zaal_20161103101851
Plenaire_zaal_20161108140107
Plenaire_zaal_20161108155503
Plenaire_zaal_20161108163333
Plenaire_zaal_20161108191856
Plenaire_zaal_20161108210231
Plenaire_zaal_20161109101738
Plenaire_zaal_20161109134844
Plenaire_zaal_20161109171427
Plenaire_zaal_20161109210647
Plenaire_zaal_20161115140210
Plenaire_zaal_20161115163002
Plenaire_zaal_20161115193134
Plenaire_zaal_20161116101542
Plenaire_zaal_20161116112230
Plenaire_zaal_20161116142917
Plenaire_zaal_20161117101645
Plenaire_zaal_20161117142759
Plenaire_zaal_20161117183152
Plenaire_zaal_20161122140022
Plenaire_zaal_20161123101736
Plenaire_zaal_20161123134539
Plenaire_zaal_20161123150223
Plenaire_zaal_20161123194744
Plenaire_zaal_20161124101739
Plenaire_zaal_20161130104049
Plenaire_zaal_20161130140520
Plenaire_zaal_20161130203232
Plenaire_zaal_20161201103506
Plenaire_zaal_20161201133816
Plenaire_zaal_20161201174013
Plenaire_zaal_20161206163159
Plenaire_zaal_20161207113300
Plenaire_zaal_20161208104811
Plenaire_zaal_20161208113112
Plenaire_zaal_20161208115855
Plenaire_zaal_20161208132131
Plenaire_zaal_20161208162235
Plenaire_zaal_20161208181853
Plenaire_zaal_20161208215802
Plenaire_zaal_20161213140025
Plenaire_zaal_20161214104751
Plenaire_zaal_20161214132841
Plenaire_zaal_20161214155256
Plenaire_zaal_20161214195300
Plenaire_zaal_20161214221609
Plenaire_zaal_20161215103620
Plenaire_zaal_20161215143918
Plenaire_zaal_20161215184012
Plenaire_zaal_20161220140056
Plenaire_zaal_20161220184725
Plenaire_zaal_20161221103055
Plenaire_zaal_20161221150450
Plenaire_zaal_20161221171950
Plenaire_zaal_20161221194800
Plenaire_zaal_20161222130001
Plenaire_zaal_20161222152353
Plenaire_zaal_20170117140123
Plenaire_zaal_20170118131145
Plenaire_zaal_20170119105821
Plenaire_zaal_20170119122854
Plenaire_zaal_20170119132851
Plenaire_zaal_20170119202702
Plenaire_zaal_20170124140038
Plenaire_zaal_20170124155025
Plenaire_zaal_20170124190117
Plenaire_zaal_20170125113106
Plenaire_zaal_20170125144821
Plenaire_zaal_20170125193218
Plenaire_zaal_20170126101636
Plenaire_zaal_20170131140022
Plenaire_zaal_20170131160116
Plenaire_zaal_20170201101621
Plenaire_zaal_20170201132856
Plenaire_zaal_20170201155449
Plenaire_zaal_20170201200143
Plenaire_zaal_20170202101827
Plenaire_zaal_20170202111655
Plenaire_zaal_20170202135357
Plenaire_zaal_20170207140121
Plenaire_zaal_20170207162131
Plenaire_zaal_20170208140249
Plenaire_zaal_20170209103936
Plenaire_zaal_20170209140000
Plenaire_zaal_20170209153556
Plenaire_zaal_20170214140031
Plenaire_zaal_20170214163359
Plenaire_zaal_20170214185122
Plenaire_zaal_20170214193234
Plenaire_zaal_20170215101734
Plenaire_zaal_20170215151403
Plenaire_zaal_20170216103926
Plenaire_zaal_20170216204015
Plenaire_zaal_20170221140051
Plenaire_zaal_20170221163219
Plenaire_zaal_20170221190344
Plenaire_zaal_20170222111547
Plenaire_zaal_20170222135916
Plenaire_zaal_20170222143035
Plenaire_zaal_20170223111720
Plenaire_zaal_20170223131513
Plenaire_zaal_20170223164943
Plenaire_zaal_20170223173843
Plenaire_zaal_20170322140123
Plenaire_zaal_20170328140047
Plenaire_zaal_20170328154421
Plenaire_zaal_20170329101918
Plenaire_zaal_20170329144753
Plenaire_zaal_20170330110303
Plenaire_zaal_20170330141327
Plenaire_zaal_20170404140106
Plenaire_zaal_20170405101645
Plenaire_zaal_20170405132832
Plenaire_zaal_20170406105022
Plenaire_zaal_20170406131903
Plenaire_zaal_20170411141052
Plenaire_zaal_20170411154630
Plenaire_zaal_20170411201700
Plenaire_zaal_20170412101724
Plenaire_zaal_20170412143617
Plenaire_zaal_20170412183527
Plenaire_zaal_20170413101705
Plenaire_zaal_20170413133017
Plenaire_zaal_20170418140129
Plenaire_zaal_20170418160115
Plenaire_zaal_20170419130804
Plenaire_zaal_20170419161720
Plenaire_zaal_20170420103736
Plenaire_zaal_20170420164650
Plenaire_zaal_20170420174249
Plenaire_zaal_20170509140100
Plenaire_zaal_20170509190348
Plenaire_zaal_20170510101825
Plenaire_zaal_20170510135027
Plenaire_zaal_20170510160044
Plenaire_zaal_20170511101620
Plenaire_zaal_20170511133937
Plenaire_zaal_20170511153240
Plenaire_zaal_20170516140032
Plenaire_zaal_20170516160147
Plenaire_zaal_20170517104755
Plenaire_zaal_20170517134538
Plenaire_zaal_20170517145630
Plenaire_zaal_20170518101759
Plenaire_zaal_20170518145353
Plenaire_zaal_20170518163241
Plenaire_zaal_20170523140111
Plenaire_zaal_20170523153709
Plenaire_zaal_20170524101631
Plenaire_zaal_20170530140035
Plenaire_zaal_20170530153814
Plenaire_zaal_20170530184702
Plenaire_zaal_20170531101915
Plenaire_zaal_20170531144540
Plenaire_zaal_20170531191902
Plenaire_zaal_20170601101558
Plenaire_zaal_20170601143525
Plenaire_zaal_20170606140029
Plenaire_zaal_20170606155600
Plenaire_zaal_20170606193036
Plenaire_zaal_20170607101958
Plenaire_zaal_20170607142904
Plenaire_zaal_20170608104515
Plenaire_zaal_20170608151551
Plenaire_zaal_20170608173241
Plenaire_zaal_20170613140145
Plenaire_zaal_20170613155855
Plenaire_zaal_20170613191539
Plenaire_zaal_20170614141020
Plenaire_zaal_20170614190256
Plenaire_zaal_20170615134936
Plenaire_zaal_20170615160124
Plenaire_zaal_20170620140035
Plenaire_zaal_20170620191613
Plenaire_zaal_20170621101543
Plenaire_zaal_20170621124203
Plenaire_zaal_20170621193702
Plenaire_zaal_20170622133101
Plenaire_zaal_20170627140024
Plenaire_zaal_20170627190301
Plenaire_zaal_20170628114903
Plenaire_zaal_20170628141138
Plenaire_zaal_20170629101643
Plenaire_zaal_20170629110713
Plenaire_zaal_20170629141505
Plenaire_zaal_20170629170434
Plenaire_zaal_20170629194551
Plenaire_zaal_20170704140042
Plenaire_zaal_20170704164504
Plenaire_zaal_20170705110329
Plenaire_zaal_20170705140724
Plenaire_zaal_20170705175158
Plenaire_zaal_20170705184744
Plenaire_zaal_20170705204344
Plenaire_zaal_20170706101624
Plenaire_zaal_20170706111141
Plenaire_zaal_20170706170413
Plenaire_zaal_20170905140304
Plenaire_zaal_20170905161209
Plenaire_zaal_20170905184501
Plenaire_zaal_20170906101528
Plenaire_zaal_20170906140711
Plenaire_zaal_20170906171906
Plenaire_zaal_20170907101709
Plenaire_zaal_20170907134944
Plenaire_zaal_20170907154631
Plenaire_zaal_20170907170201
Plenaire_zaal_20170907173235
Plenaire_zaal_20170912140118
Plenaire_zaal_20170912161236
Plenaire_zaal_20170912194647
Plenaire_zaal_20170913101543
Plenaire_zaal_20170913135027
Plenaire_zaal_20170913160127
Plenaire_zaal_20170913173426
Plenaire_zaal_20170913201923
Plenaire_zaal_20170914133321
Plenaire_zaal_20170914160432
Plenaire_zaal_20170920101537
Plenaire_zaal_20170920114252
Plenaire_zaal_20170920143847
Plenaire_zaal_20170920163955
Plenaire_zaal_20170920190411
Plenaire_zaal_20170920203701
Plenaire_zaal_20170921101617
Plenaire_zaal_20170921140200
Plenaire_zaal_20170921190322
Plenaire_zaal_20170921201630
Plenaire_zaal_20170926140029
Plenaire_zaal_20170926150452
Plenaire_zaal_20170926190125
Plenaire_zaal_20170927104145
Plenaire_zaal_20170927183126
Plenaire_zaal_20170927192252
Plenaire_zaal_20170928101648
Plenaire_zaal_20170928133250
Plenaire_zaal_20170928150840
Plenaire_zaal_20170928163358
Plenaire_zaal_20171003140031
Plenaire_zaal_20171003154511
Plenaire_zaal_20171004101527
Plenaire_zaal_20171004113246
Plenaire_zaal_20171004135613
Plenaire_zaal_20171004153645
Plenaire_zaal_20171004183843
Plenaire_zaal_20171004195937
Plenaire_zaal_20171004203048
Plenaire_zaal_20171005103516
Plenaire_zaal_20171005125958
Plenaire_zaal_20171005143015
Plenaire_zaal_20171005185128
Plenaire_zaal_20171010140137
Plenaire_zaal_20171011101706
Plenaire_zaal_20171011125914
Suze_Groenewegzaal_20160907140129
Suze_Groenewegzaal_20160913160350
Suze_Groenewegzaal_20160928140045
Suze_Groenewegzaal_20161005150626
Suze_Groenewegzaal_20161005170737
Suze_Groenewegzaal_20161006150211
Suze_Groenewegzaal_20161012140115
Suze_Groenewegzaal_20161102150017
Suze_Groenewegzaal_20161116100343
Suze_Groenewegzaal_20161117100207
Suze_Groenewegzaal_20161214160509
Suze_Groenewegzaal_20161215150111
Suze_Groenewegzaal_20170202140113
Suze_Groenewegzaal_20170330100248
Suze_Groenewegzaal_20170517100235
Suze_Groenewegzaal_20170517160259
Suze_Groenewegzaal_20170531100213
Suze_Groenewegzaal_20170614100013
Suze_Groenewegzaal_20170622140217
Suze_Groenewegzaal_20170913140047
thorbeckezaal_20160629143203
Thorbeckezaal_20160906200020
Thorbeckezaal_20160907140101
Thorbeckezaal_20160914193318
Thorbeckezaal_20160915130340
Thorbeckezaal_20160919130330
Thorbeckezaal_20160929130314
Thorbeckezaal_20160929180237
Thorbeckezaal_20161006100201
Thorbeckezaal_20161006140347
Thorbeckezaal_20161006190122
Thorbeckezaal_20161012133241
Thorbeckezaal_20161025200045
Thorbeckezaal_20161027100259
Thorbeckezaal_20161027150121
Thorbeckezaal_20161102100231
Thorbeckezaal_20161102133047
Thorbeckezaal_20161102173310
Thorbeckezaal_20161103100307
Thorbeckezaal_20161103140343
Thorbeckezaal_20161103190158
Thorbeckezaal_20161110100311
Thorbeckezaal_20161114131232
Thorbeckezaal_20161117100049
Thorbeckezaal_20161123140204
Thorbeckezaal_20161124150206
Thorbeckezaal_20161130093439
Thorbeckezaal_20161130130504
Thorbeckezaal_20161201100814
Thorbeckezaal_20161201140510
Thorbeckezaal_20161206183331
Thorbeckezaal_20161207100427
Thorbeckezaal_20161207140145
Thorbeckezaal_20161207180347
Thorbeckezaal_20161208093115
Thorbeckezaal_20161208160704
Thorbeckezaal_20161212120407
Thorbeckezaal_20161213183247
Thorbeckezaal_20161214140236
Thorbeckezaal_20161215100421
Thorbeckezaal_20161215140418
Thorbeckezaal_20161219100516
Thorbeckezaal_20161220171636
Thorbeckezaal_20161221133114
Thorbeckezaal_20161221170228
Thorbeckezaal_20161222100202
Thorbeckezaal_20170116150110
Thorbeckezaal_20170118100351
Thorbeckezaal_20170118140108
Thorbeckezaal_20170119170500
Thorbeckezaal_20170123140210
Thorbeckezaal_20170124183424
Thorbeckezaal_20170125163501
Thorbeckezaal_20170126103258
Thorbeckezaal_20170201150313
Thorbeckezaal_20170202093221
Thorbeckezaal_20170206130323
Thorbeckezaal_20170208130039
Thorbeckezaal_20170208140508
Thorbeckezaal_20170209100235
Thorbeckezaal_20170209140308
Thorbeckezaal_20170213110657
Thorbeckezaal_20170214170415
Thorbeckezaal_20170215140216
Thorbeckezaal_20170216100235
Thorbeckezaal_20170221171327
Thorbeckezaal_20170222100412
Thorbeckezaal_20170222140606
Thorbeckezaal_20170223100257
Thorbeckezaal_20170329143019
Thorbeckezaal_20170330100045
Thorbeckezaal_20170330140151
Thorbeckezaal_20170419093214
Thorbeckezaal_20170509183249
Thorbeckezaal_20170518110233
Thorbeckezaal_20170523163910
Thorbeckezaal_20170531100117
Thorbeckezaal_20170607123329
Thorbeckezaal_20170607143508
Thorbeckezaal_20170608100038
Thorbeckezaal_20170612123357
Thorbeckezaal_20170613163203
Thorbeckezaal_20170613194927
Thorbeckezaal_20170614150237
Thorbeckezaal_20170619110445
Thorbeckezaal_20170621100024
Thorbeckezaal_20170621140501
Thorbeckezaal_20170627190310
Thorbeckezaal_20170628100212
Thorbeckezaal_20170628125523
Thorbeckezaal_20170629100136
Thorbeckezaal_20170629143318
Thorbeckezaal_20170703110055
Thorbeckezaal_20170705100323
Thorbeckezaal_20170705133412
Thorbeckezaal_20170705190315
Thorbeckezaal_20170824103248
Thorbeckezaal_20170905163017
Thorbeckezaal_20170906140354
Thorbeckezaal_20170911093044
Thorbeckezaal_20170912193308
Thorbeckezaal_20170913160306
Thorbeckezaal_20170920140213
Thorbeckezaal_20170921103241
Thorbeckezaal_20170921140101
Thorbeckezaal_20170925170228
Thorbeckezaal_20170927100202
Thorbeckezaal_20170928140206
Thorbeckezaal_20171002100106
Thorbeckezaal_20171004100116
Thorbeckezaal_20171005150222
Thorbeckezaal_20171011150047
Thorbeckezaal_20171012151715
Troelstrazaal_20160907150347
Troelstrazaal_20160908140233
Troelstrazaal_20160913173334
Troelstrazaal_20160914100119
Troelstrazaal_20161005100213
Troelstrazaal_20161005153112
Troelstrazaal_20161006140449
Troelstrazaal_20161011170251
Troelstrazaal_20161012100446
Troelstrazaal_20161012120131
Troelstrazaal_20161012160410
Troelstrazaal_20161013130444
Troelstrazaal_20161027100216
Troelstrazaal_20161103101111
Troelstrazaal_20161109100948
Troelstrazaal_20161109160205
Troelstrazaal_20161116100050
Troelstrazaal_20161116160428
Troelstrazaal_20161117153310
Troelstrazaal_20161121110400
Troelstrazaal_20161123100320
Troelstrazaal_20161124100430
Troelstrazaal_20161124140215
Troelstrazaal_20161130100506
Troelstrazaal_20161207113625
Troelstrazaal_20161208100317
Troelstrazaal_20161214110216
Troelstrazaal_20161214143424
Troelstrazaal_20161215110342
Troelstrazaal_20161215160100
Troelstrazaal_20161220163358
Troelstrazaal_20161220183122
Troelstrazaal_20161221100050
Troelstrazaal_20170118130504
Troelstrazaal_20170123100237
Troelstrazaal_20170125120016
Troelstrazaal_20170208130528
Troelstrazaal_20170209110431
Troelstrazaal_20170209140423
Troelstrazaal_20170216143315
Troelstrazaal_20170221160604
Troelstrazaal_20170222100216
Troelstrazaal_20170222140150
Troelstrazaal_20170517175922
Troelstrazaal_20170518112041
Troelstrazaal_20170523160225
Troelstrazaal_20170529123414
Troelstrazaal_20170607100113
Troelstrazaal_20170607133310
Troelstrazaal_20170614100411
Troelstrazaal_20170615100136
Troelstrazaal_20170615140547
Troelstrazaal_20170621100414
Troelstrazaal_20170621140146
Troelstrazaal_20170622100209
Troelstrazaal_20170627163156
Troelstrazaal_20170628093412
Troelstrazaal_20170628150246
Troelstrazaal_20170704163210
Troelstrazaal_20170705120103
Troelstrazaal_20170705170117
Troelstrazaal_20170706100431
Troelstrazaal_20170905163228
Troelstrazaal_20170913100412
Troelstrazaal_20170913120101
Troelstrazaal_20170913140323
Troelstrazaal_20171005100349
Troelstrazaal_20171025180446
Troelstrazaal_20171031163059
Wttewaall_van_Stoetwegenzaal_20161006100141
Wttewaall_van_Stoetwegenzaal_20170209150206
Wttewaall_van_Stoetwegenzaal_20170614100113
Wttewaall_van_Stoetwegenzaal_20170629110014
